# JRE version: Java(TM) SE Runtime Environment (8.0_144-b01) (build 1.8.0_144-b01)
# Java VM: Java HotSpot(TM) 64-Bit Server VM (25.144-b01 mixed mode windows-amd64 compressed oops)
Heap:
 PSYoungGen      total 324096K, used 155606K [0x00000000eab00000, 0x0000000100000000, 0x0000000100000000)
  eden space 308224K, 45% used [0x00000000eab00000,0x00000000f33e8878,0x00000000fd800000)
  from space 15872K, 97% used [0x00000000fd800000,0x00000000fe70d250,0x00000000fe780000)
  to   space 21504K, 0% used [0x00000000feb00000,0x00000000feb00000,0x0000000100000000)
 ParOldGen       total 58368K, used 28896K [0x00000000c0000000, 0x00000000c3900000, 0x00000000eab00000)
  object space 58368K, 49% used [0x00000000c0000000,0x00000000c1c38010,0x00000000c3900000)
 Metaspace       used 58001K, capacity 60486K, committed 60760K, reserved 1101824K
  class space    used 7511K, capacity 7918K, committed 8024K, reserved 1048576K
GC Heap History (10 events):
Event: 3548.509 GC heap before
{Heap before GC invocations=14 (full 2):
 PSYoungGen      total 165376K, used 147194K [0x00000000eab00000, 0x00000000fb080000, 0x0000000100000000)
  eden space 153600K, 88% used [0x00000000eab00000,0x00000000f2f41c48,0x00000000f4100000)
  from space 11776K, 99% used [0x00000000f4100000,0x00000000f4c7cee0,0x00000000f4c80000)
  to   space 15360K, 0% used [0x00000000fa180000,0x00000000fa180000,0x00000000fb080000)
 ParOldGen       total 46592K, used 23701K [0x00000000c0000000, 0x00000000c2d80000, 0x00000000eab00000)
  object space 46592K, 50% used [0x00000000c0000000,0x00000000c1725538,0x00000000c2d80000)
 Metaspace       used 56567K, capacity 58922K, committed 59028K, reserved 1099776K
  class space    used 7429K, capacity 7840K, committed 7896K, reserved 1048576K
Event: 3548.537 GC heap after
Heap after GC invocations=14 (full 2):
 PSYoungGen      total 248320K, used 9659K [0x00000000eab00000, 0x00000000faf00000, 0x0000000100000000)
  eden space 234496K, 0% used [0x00000000eab00000,0x00000000eab00000,0x00000000f9000000)
  from space 13824K, 69% used [0x00000000fa180000,0x00000000faaeedc8,0x00000000faf00000)
  to   space 15872K, 0% used [0x00000000f9000000,0x00000000f9000000,0x00000000f9f80000)
 ParOldGen       total 46592K, used 29625K [0x00000000c0000000, 0x00000000c2d80000, 0x00000000eab00000)
  object space 46592K, 63% used [0x00000000c0000000,0x00000000c1cee688,0x00000000c2d80000)
 Metaspace       used 56567K, capacity 58922K, committed 59028K, reserved 1099776K
  class space    used 7429K, capacity 7840K, committed 7896K, reserved 1048576K
}
Event: 3548.537 GC heap before
{Heap before GC invocations=15 (full 3):
 PSYoungGen      total 248320K, used 9659K [0x00000000eab00000, 0x00000000faf00000, 0x0000000100000000)
  eden space 234496K, 0% used [0x00000000eab00000,0x00000000eab00000,0x00000000f9000000)
  from space 13824K, 69% used [0x00000000fa180000,0x00000000faaeedc8,0x00000000faf00000)
  to   space 15872K, 0% used [0x00000000f9000000,0x00000000f9000000,0x00000000f9f80000)
 ParOldGen       total 46592K, used 29625K [0x00000000c0000000, 0x00000000c2d80000, 0x00000000eab00000)
  object space 46592K, 63% used [0x00000000c0000000,0x00000000c1cee688,0x00000000c2d80000)
 Metaspace       used 56567K, capacity 58922K, committed 59028K, reserved 1099776K
  class space    used 7429K, capacity 7840K, committed 7896K, reserved 1048576K
Event: 3548.686 GC heap after
Heap after GC invocations=15 (full 3):
 PSYoungGen      total 248320K, used 0K [0x00000000eab00000, 0x00000000faf00000, 0x0000000100000000)
  eden space 234496K, 0% used [0x00000000eab00000,0x00000000eab00000,0x00000000f9000000)
  from space 13824K, 0% used [0x00000000fa180000,0x00000000fa180000,0x00000000faf00000)
  to   space 15872K, 0% used [0x00000000f9000000,0x00000000f9000000,0x00000000f9f80000)
 ParOldGen       total 58368K, used 25708K [0x00000000c0000000, 0x00000000c3900000, 0x00000000eab00000)
  object space 58368K, 44% used [0x00000000c0000000,0x00000000c191b260,0x00000000c3900000)
 Metaspace       used 56401K, capacity 58660K, committed 59028K, reserved 1099776K
  class space    used 7402K, capacity 7791K, committed 7896K, reserved 1048576K
}
Event: 44431.380 GC heap before
{Heap before GC invocations=16 (full 3):
 PSYoungGen      total 248320K, used 234496K [0x00000000eab00000, 0x00000000faf00000, 0x0000000100000000)
  eden space 234496K, 100% used [0x00000000eab00000,0x00000000f9000000,0x00000000f9000000)
  from space 13824K, 0% used [0x00000000fa180000,0x00000000fa180000,0x00000000faf00000)
  to   space 15872K, 0% used [0x00000000f9000000,0x00000000f9000000,0x00000000f9f80000)
 ParOldGen       total 58368K, used 25708K [0x00000000c0000000, 0x00000000c3900000, 0x00000000eab00000)
  object space 58368K, 44% used [0x00000000c0000000,0x00000000c191b260,0x00000000c3900000)
 Metaspace       used 57709K, capacity 60230K, committed 60504K, reserved 1101824K
  class space    used 7510K, capacity 7918K, committed 8024K, reserved 1048576K
Event: 44434.141 GC heap after
Heap after GC invocations=16 (full 3):
 PSYoungGen      total 250368K, used 12848K [0x00000000eab00000, 0x0000000100000000, 0x0000000100000000)
  eden space 234496K, 0% used [0x00000000eab00000,0x00000000eab00000,0x00000000f9000000)
  from space 15872K, 80% used [0x00000000f9000000,0x00000000f9c8c000,0x00000000f9f80000)
  to   space 16896K, 0% used [0x00000000fef80000,0x00000000fef80000,0x0000000100000000)
 ParOldGen       total 58368K, used 25716K [0x00000000c0000000, 0x00000000c3900000, 0x00000000eab00000)
  object space 58368K, 44% used [0x00000000c0000000,0x00000000c191d260,0x00000000c3900000)
 Metaspace       used 57709K, capacity 60230K, committed 60504K, reserved 1101824K
  class space    used 7510K, capacity 7918K, committed 8024K, reserved 1048576K
}
Event: 104989.697 GC heap before
{Heap before GC invocations=17 (full 3):
 PSYoungGen      total 250368K, used 247344K [0x00000000eab00000, 0x0000000100000000, 0x0000000100000000)
  eden space 234496K, 100% used [0x00000000eab00000,0x00000000f9000000,0x00000000f9000000)
  from space 15872K, 80% used [0x00000000f9000000,0x00000000f9c8c000,0x00000000f9f80000)
  to   space 16896K, 0% used [0x00000000fef80000,0x00000000fef80000,0x0000000100000000)
 ParOldGen       total 58368K, used 25716K [0x00000000c0000000, 0x00000000c3900000, 0x00000000eab00000)
  object space 58368K, 44% used [0x00000000c0000000,0x00000000c191d260,0x00000000c3900000)
 Metaspace       used 57995K, capacity 60486K, committed 60760K, reserved 1101824K
  class space    used 7510K, capacity 7918K, committed 8024K, reserved 1048576K
Event: 104995.162 GC heap after
Heap after GC invocations=17 (full 3):
 PSYoungGen      total 325120K, used 16885K [0x00000000eab00000, 0x0000000100000000, 0x0000000100000000)
  eden space 308224K, 0% used [0x00000000eab00000,0x00000000eab00000,0x00000000fd800000)
  from space 16896K, 99% used [0x00000000fef80000,0x00000000ffffd4b0,0x0000000100000000)
  to   space 20480K, 0% used [0x00000000fd800000,0x00000000fd800000,0x00000000fec00000)
 ParOldGen       total 58368K, used 28127K [0x00000000c0000000, 0x00000000c3900000, 0x00000000eab00000)
  object space 58368K, 48% used [0x00000000c0000000,0x00000000c1b77f80,0x00000000c3900000)
 Metaspace       used 57995K, capacity 60486K, committed 60760K, reserved 1101824K
  class space    used 7510K, capacity 7918K, committed 8024K, reserved 1048576K
}
Event: 158392.357 GC heap before
{Heap before GC invocations=18 (full 3):
 PSYoungGen      total 325120K, used 325109K [0x00000000eab00000, 0x0000000100000000, 0x0000000100000000)
  eden space 308224K, 100% used [0x00000000eab00000,0x00000000fd800000,0x00000000fd800000)
  from space 16896K, 99% used [0x00000000fef80000,0x00000000ffffd4b0,0x0000000100000000)
  to   space 20480K, 0% used [0x00000000fd800000,0x00000000fd800000,0x00000000fec00000)
 ParOldGen       total 58368K, used 28127K [0x00000000c0000000, 0x00000000c3900000, 0x00000000eab00000)
  object space 58368K, 48% used [0x00000000c0000000,0x00000000c1b77f80,0x00000000c3900000)
 Metaspace       used 58000K, capacity 60486K, committed 60760K, reserved 1101824K
  class space    used 7510K, capacity 7918K, committed 8024K, reserved 1048576K
Event: 158395.087 GC heap after
Heap after GC invocations=18 (full 3):
 PSYoungGen      total 324096K, used 15412K [0x00000000eab00000, 0x0000000100000000, 0x0000000100000000)
  eden space 308224K, 0% used [0x00000000eab00000,0x00000000eab00000,0x00000000fd800000)
  from space 15872K, 97% used [0x00000000fd800000,0x00000000fe70d250,0x00000000fe780000)
  to   space 21504K, 0% used [0x00000000feb00000,0x00000000feb00000,0x0000000100000000)
 ParOldGen       total 58368K, used 28896K [0x00000000c0000000, 0x00000000c3900000, 0x00000000eab00000)
  object space 58368K, 49% used [0x00000000c0000000,0x00000000c1c38010,0x00000000c3900000)
 Metaspace       used 58000K, capacity 60486K, committed 60760K, reserved 1101824K
  class space    used 7510K, capacity 7918K, committed 8024K, reserved 1048576K
}

