# JRE version: Java(TM) SE Runtime Environment (8.0_144-b01) (build 1.8.0_144-b01)
# Java VM: Java HotSpot(TM) 64-Bit Server VM (25.144-b01 mixed mode windows-amd64 compressed oops)
Heap:
 PSYoungGen      total 327680K, used 231211K [0x00000000eab00000, 0x0000000100000000, 0x0000000100000000)
  eden space 308224K, 70% used [0x00000000eab00000,0x00000000f7e35b18,0x00000000fd800000)
  from space 19456K, 76% used [0x00000000fed00000,0x00000000ffb95190,0x0000000100000000)
  to   space 20480K, 0% used [0x00000000fd800000,0x00000000fd800000,0x00000000fec00000)
 ParOldGen       total 67584K, used 32502K [0x00000000c0000000, 0x00000000c4200000, 0x00000000eab00000)
  object space 67584K, 48% used [0x00000000c0000000,0x00000000c1fbdb10,0x00000000c4200000)
 Metaspace       used 57987K, capacity 60560K, committed 60760K, reserved 1101824K
  class space    used 7519K, capacity 7957K, committed 8024K, reserved 1048576K
GC Heap History (10 events):
Event: 91.322 GC heap before
{Heap before GC invocations=13 (full 2):
 PSYoungGen      total 192000K, used 180423K [0x00000000eab00000, 0x00000000f7a00000, 0x0000000100000000)
  eden space 178176K, 93% used [0x00000000eab00000,0x00000000f4db5bf0,0x00000000f5900000)
  from space 13824K, 99% used [0x00000000f6c80000,0x00000000f79fc318,0x00000000f7a00000)
  to   space 15872K, 0% used [0x00000000f5b00000,0x00000000f5b00000,0x00000000f6a80000)
 ParOldGen       total 53248K, used 20765K [0x00000000c0000000, 0x00000000c3400000, 0x00000000eab00000)
  object space 53248K, 38% used [0x00000000c0000000,0x00000000c14476c0,0x00000000c3400000)
 Metaspace       used 56564K, capacity 58940K, committed 59028K, reserved 1099776K
  class space    used 7435K, capacity 7857K, committed 7896K, reserved 1048576K
Event: 91.353 GC heap after
Heap after GC invocations=13 (full 2):
 PSYoungGen      total 196096K, used 12251K [0x00000000eab00000, 0x00000000fc400000, 0x0000000100000000)
  eden space 180224K, 0% used [0x00000000eab00000,0x00000000eab00000,0x00000000f5b00000)
  from space 15872K, 77% used [0x00000000f5b00000,0x00000000f66f6cf8,0x00000000f6a80000)
  to   space 16896K, 0% used [0x00000000fb380000,0x00000000fb380000,0x00000000fc400000)
 ParOldGen       total 53248K, used 25438K [0x00000000c0000000, 0x00000000c3400000, 0x00000000eab00000)
  object space 53248K, 47% used [0x00000000c0000000,0x00000000c18d7a18,0x00000000c3400000)
 Metaspace       used 56564K, capacity 58940K, committed 59028K, reserved 1099776K
  class space    used 7435K, capacity 7857K, committed 7896K, reserved 1048576K
}
Event: 91.353 GC heap before
{Heap before GC invocations=14 (full 3):
 PSYoungGen      total 196096K, used 12251K [0x00000000eab00000, 0x00000000fc400000, 0x0000000100000000)
  eden space 180224K, 0% used [0x00000000eab00000,0x00000000eab00000,0x00000000f5b00000)
  from space 15872K, 77% used [0x00000000f5b00000,0x00000000f66f6cf8,0x00000000f6a80000)
  to   space 16896K, 0% used [0x00000000fb380000,0x00000000fb380000,0x00000000fc400000)
 ParOldGen       total 53248K, used 25438K [0x00000000c0000000, 0x00000000c3400000, 0x00000000eab00000)
  object space 53248K, 47% used [0x00000000c0000000,0x00000000c18d7a18,0x00000000c3400000)
 Metaspace       used 56564K, capacity 58940K, committed 59028K, reserved 1099776K
  class space    used 7435K, capacity 7857K, committed 7896K, reserved 1048576K
Event: 91.583 GC heap after
Heap after GC invocations=14 (full 3):
 PSYoungGen      total 196096K, used 0K [0x00000000eab00000, 0x00000000fc400000, 0x0000000100000000)
  eden space 180224K, 0% used [0x00000000eab00000,0x00000000eab00000,0x00000000f5b00000)
  from space 15872K, 0% used [0x00000000f5b00000,0x00000000f5b00000,0x00000000f6a80000)
  to   space 16896K, 0% used [0x00000000fb380000,0x00000000fb380000,0x00000000fc400000)
 ParOldGen       total 67584K, used 30126K [0x00000000c0000000, 0x00000000c4200000, 0x00000000eab00000)
  object space 67584K, 44% used [0x00000000c0000000,0x00000000c1d6baa0,0x00000000c4200000)
 Metaspace       used 56564K, capacity 58940K, committed 59028K, reserved 1099776K
  class space    used 7435K, capacity 7857K, committed 7896K, reserved 1048576K
}
Event: 37439.860 GC heap before
{Heap before GC invocations=15 (full 3):
 PSYoungGen      total 196096K, used 180224K [0x00000000eab00000, 0x00000000fc400000, 0x0000000100000000)
  eden space 180224K, 100% used [0x00000000eab00000,0x00000000f5b00000,0x00000000f5b00000)
  from space 15872K, 0% used [0x00000000f5b00000,0x00000000f5b00000,0x00000000f6a80000)
  to   space 16896K, 0% used [0x00000000fb380000,0x00000000fb380000,0x00000000fc400000)
 ParOldGen       total 67584K, used 30126K [0x00000000c0000000, 0x00000000c4200000, 0x00000000eab00000)
  object space 67584K, 44% used [0x00000000c0000000,0x00000000c1d6baa0,0x00000000c4200000)
 Metaspace       used 57590K, capacity 60176K, committed 60248K, reserved 1101824K
  class space    used 7518K, capacity 7957K, committed 8024K, reserved 1048576K
Event: 37439.996 GC heap after
Heap after GC invocations=15 (full 3):
 PSYoungGen      total 270336K, used 11647K [0x00000000eab00000, 0x00000000fc880000, 0x0000000100000000)
  eden space 253440K, 0% used [0x00000000eab00000,0x00000000eab00000,0x00000000fa280000)
  from space 16896K, 68% used [0x00000000fb380000,0x00000000fbedfc68,0x00000000fc400000)
  to   space 17408K, 0% used [0x00000000fa280000,0x00000000fa280000,0x00000000fb380000)
 ParOldGen       total 67584K, used 30134K [0x00000000c0000000, 0x00000000c4200000, 0x00000000eab00000)
  object space 67584K, 44% used [0x00000000c0000000,0x00000000c1d6daa0,0x00000000c4200000)
 Metaspace       used 57590K, capacity 60176K, committed 60248K, reserved 1101824K
  class space    used 7518K, capacity 7957K, committed 8024K, reserved 1048576K
}
Event: 92561.240 GC heap before
{Heap before GC invocations=16 (full 3):
 PSYoungGen      total 270336K, used 265087K [0x00000000eab00000, 0x00000000fc880000, 0x0000000100000000)
  eden space 253440K, 100% used [0x00000000eab00000,0x00000000fa280000,0x00000000fa280000)
  from space 16896K, 68% used [0x00000000fb380000,0x00000000fbedfc68,0x00000000fc400000)
  to   space 17408K, 0% used [0x00000000fa280000,0x00000000fa280000,0x00000000fb380000)
 ParOldGen       total 67584K, used 30134K [0x00000000c0000000, 0x00000000c4200000, 0x00000000eab00000)
  object space 67584K, 44% used [0x00000000c0000000,0x00000000c1d6daa0,0x00000000c4200000)
 Metaspace       used 57972K, capacity 60560K, committed 60760K, reserved 1101824K
  class space    used 7519K, capacity 7957K, committed 8024K, reserved 1048576K
Event: 92563.235 GC heap after
Heap after GC invocations=16 (full 3):
 PSYoungGen      total 270848K, used 15796K [0x00000000eab00000, 0x0000000100000000, 0x0000000100000000)
  eden space 253440K, 0% used [0x00000000eab00000,0x00000000eab00000,0x00000000fa280000)
  from space 17408K, 90% used [0x00000000fa280000,0x00000000fb1ed2b0,0x00000000fb380000)
  to   space 19456K, 0% used [0x00000000fed00000,0x00000000fed00000,0x0000000100000000)
 ParOldGen       total 67584K, used 31742K [0x00000000c0000000, 0x00000000c4200000, 0x00000000eab00000)
  object space 67584K, 46% used [0x00000000c0000000,0x00000000c1effa70,0x00000000c4200000)
 Metaspace       used 57972K, capacity 60560K, committed 60760K, reserved 1101824K
  class space    used 7519K, capacity 7957K, committed 8024K, reserved 1048576K
}
Event: 145710.256 GC heap before
{Heap before GC invocations=17 (full 3):
 PSYoungGen      total 270848K, used 269236K [0x00000000eab00000, 0x0000000100000000, 0x0000000100000000)
  eden space 253440K, 100% used [0x00000000eab00000,0x00000000fa280000,0x00000000fa280000)
  from space 17408K, 90% used [0x00000000fa280000,0x00000000fb1ed2b0,0x00000000fb380000)
  to   space 19456K, 0% used [0x00000000fed00000,0x00000000fed00000,0x0000000100000000)
 ParOldGen       total 67584K, used 31742K [0x00000000c0000000, 0x00000000c4200000, 0x00000000eab00000)
  object space 67584K, 46% used [0x00000000c0000000,0x00000000c1effa70,0x00000000c4200000)
 Metaspace       used 57983K, capacity 60560K, committed 60760K, reserved 1101824K
  class space    used 7519K, capacity 7957K, committed 8024K, reserved 1048576K
Event: 145710.311 GC heap after
Heap after GC invocations=17 (full 3):
 PSYoungGen      total 327680K, used 14932K [0x00000000eab00000, 0x0000000100000000, 0x0000000100000000)
  eden space 308224K, 0% used [0x00000000eab00000,0x00000000eab00000,0x00000000fd800000)
  from space 19456K, 76% used [0x00000000fed00000,0x00000000ffb95190,0x0000000100000000)
  to   space 20480K, 0% used [0x00000000fd800000,0x00000000fd800000,0x00000000fec00000)
 ParOldGen       total 67584K, used 32502K [0x00000000c0000000, 0x00000000c4200000, 0x00000000eab00000)
  object space 67584K, 48% used [0x00000000c0000000,0x00000000c1fbdb10,0x00000000c4200000)
 Metaspace       used 57983K, capacity 60560K, committed 60760K, reserved 1101824K
  class space    used 7519K, capacity 7957K, committed 8024K, reserved 1048576K
}

